TN:
SF:/Users/cjcoffey/Desktop/UnitTestProject/app/providers/contact-provider/contact-provider.ts
FN:3,(anonymous_1)
FN:10,(anonymous_2)
FN:16,(anonymous_3)
FN:17,ContactProvider
FN:27,(anonymous_5)
FNF:5
FNH:5
FNDA:1,(anonymous_1)
FNDA:1,(anonymous_2)
FNDA:1,(anonymous_3)
FNDA:4,ContactProvider
FNDA:2,(anonymous_5)
DA:0,1
DA:1,1
DA:2,1
DA:3,1
DA:17,1
DA:18,1
DA:21,4
DA:22,4
DA:34,1
DA:35,2
DA:37,2
DA:40,0
DA:57,1
LF:13
LH:12
BRDA:3,1,0,1
BRDA:3,1,1,1
BRDA:3,1,2,1
BRDA:5,2,0,1
BRDA:5,2,1,0
BRDA:5,3,0,0
BRDA:5,3,1,0
BRDA:7,4,0,1
BRDA:7,4,1,0
BRDA:7,5,0,1
BRDA:7,5,1,1
BRDA:7,6,0,0
BRDA:7,6,1,0
BRDA:7,7,0,0
BRDA:7,7,1,0
BRDA:7,8,0,0
BRDA:7,8,1,0
BRDA:7,9,0,0
BRDA:7,9,1,0
BRDA:8,10,0,1
BRDA:8,10,1,0
BRDA:8,10,2,0
BRDA:10,11,0,1
BRDA:10,11,1,1
BRDA:10,11,2,1
BRDA:11,12,0,1
BRDA:11,12,1,0
BRDA:11,13,0,1
BRDA:11,13,1,1
BRDA:28,14,0,2
BRDA:28,14,1,0
BRF:31
BRH:30
end_of_record
TN:
SF:/Users/cjcoffey/Desktop/UnitTestProject/app/pages/contact/contact.ts
FN:3,(anonymous_1)
FN:10,(anonymous_2)
FN:16,(anonymous_3)
FN:17,ContactPage
FN:21,(anonymous_5)
FNF:5
FNH:5
FNDA:1,(anonymous_1)
FNDA:1,(anonymous_2)
FNDA:1,(anonymous_3)
FNDA:1,ContactPage
FNDA:1,(anonymous_5)
DA:0,1
DA:1,1
DA:2,1
DA:3,1
DA:5,1
DA:9,1
DA:13,1
DA:14,1
DA:15,1
DA:17,1
DA:19,1
DA:20,1
DA:23,1
LF:13
LH:13
BRDA:3,1,0,1
BRDA:3,1,1,1
BRDA:3,1,2,1
BRDA:5,2,0,1
BRDA:5,2,1,0
BRDA:5,3,0,0
BRDA:5,3,1,0
BRDA:7,4,0,1
BRDA:7,4,1,0
BRDA:7,5,0,1
BRDA:7,5,1,1
BRDA:7,6,0,0
BRDA:7,6,1,0
BRDA:7,7,0,0
BRDA:7,7,1,0
BRDA:7,8,0,0
BRDA:7,8,1,0
BRDA:7,9,0,0
BRDA:7,9,1,0
BRDA:8,10,0,1
BRDA:8,10,1,0
BRDA:8,10,2,0
BRDA:10,11,0,1
BRDA:10,11,1,1
BRDA:10,11,2,1
BRDA:11,12,0,1
BRDA:11,12,1,0
BRDA:11,13,0,1
BRDA:11,13,1,1
BRF:29
BRH:29
end_of_record
